<?xml version="1.0" encoding="UTF-8"?>
<!-- Generated by org.testng.reporters.JUnitXMLReporter -->
<testsuite ignored="0" hostname="LAPTOP-HOV0GU3C" failures="0" tests="1" name="Test" time="0.299" errors="0" timestamp="2025-07-30T09:18:46 IST">
  <testcase classname="genericLibrary.BaseConfig" name="@BeforeClass browserSetup" time="0.031">
    <failure type="java.lang.NullPointerException" message="Cannot invoke &amp;quot;org.openqa.selenium.WebDriver.manage()&amp;quot; because &amp;quot;genericLibrary.WebDriverLibrary.driver&amp;quot; is null">
      <![CDATA[java.lang.NullPointerException: Cannot invoke "org.openqa.selenium.WebDriver.manage()" because "genericLibrary.WebDriverLibrary.driver" is null
at genericLibrary.WebDriverLibrary.maximizeBrowser(WebDriverLibrary.java:64)
at genericLibrary.BaseConfig.browserSetup(BaseConfig.java:38)
at java.base/java.util.ArrayList.forEach(ArrayList.java:1597)
... Removed 23 stack frames]]>
    </failure>
  </testcase> <!-- @BeforeClass browserSetup -->
  <testcase classname="genericLibrary.BaseConfig" name="@BeforeMethod LogIn" time="0.0">
    <skipped/>
  </testcase> <!-- @BeforeMethod LogIn -->
  <testcase classname="genericLibrary.BaseConfig" name="@AfterMethod Logout" time="0.0">
    <skipped/>
  </testcase> <!-- @AfterMethod Logout -->
  <testcase classname="genericLibrary.BaseConfig" name="@AfterClass broserTerminate" time="0.0">
    <skipped/>
  </testcase> <!-- @AfterClass broserTerminate -->
  <testcase classname="producttest.TeamFTest" name="Indra" time="0.0">
    <skipped/>
  </testcase> <!-- Indra -->
</testsuite> <!-- Test -->
