<?xml version="1.0" encoding="UTF-8"?>
<testng-results ignored="0" total="1" passed="1" failed="0" skipped="0">
  <reporter-output>
    <line>
      <![CDATA[Browser setup is done]]>
    </line>
    <line>
      <![CDATA[Login successfully]]>
    </line>
    <line>
      <![CDATA[Indra]]>
    </line>
    <line>
      <![CDATA[Logout is done]]>
    </line>
  </reporter-output>
  <suite started-at="2025-07-31T10:59:41 IST" name="RegressionSuite" finished-at="2025-07-31T10:59:58 IST" duration-ms="16372">
    <groups>
    </groups>
    <test started-at="2025-07-31T10:59:41 IST" name="Test" finished-at="2025-07-31T10:59:58 IST" duration-ms="16372">
      <class name="producttest.TeamFTest">
        <test-method is-config="true" signature="ReportSetup()[pri:0, instance:producttest.TeamFTest@38102d01]" started-at="2025-07-31T10:59:41 IST" name="ReportSetup" finished-at="2025-07-31T10:59:42 IST" duration-ms="599" status="PASS">
          <reporter-output>
          </reporter-output>
        </test-method> <!-- ReportSetup -->
        <test-method is-config="true" signature="browserSetup()[pri:0, instance:producttest.TeamFTest@38102d01]" started-at="2025-07-31T10:59:42 IST" name="browserSetup" finished-at="2025-07-31T10:59:54 IST" duration-ms="11530" status="PASS">
          <reporter-output>
            <line>
              <![CDATA[Browser setup is done]]>
            </line>
          </reporter-output>
        </test-method> <!-- browserSetup -->
        <test-method is-config="true" signature="LogIn()[pri:0, instance:producttest.TeamFTest@38102d01]" started-at="2025-07-31T10:59:54 IST" name="LogIn" finished-at="2025-07-31T10:59:55 IST" duration-ms="1661" status="PASS">
          <reporter-output>
            <line>
              <![CDATA[Login successfully]]>
            </line>
          </reporter-output>
        </test-method> <!-- LogIn -->
        <test-method signature="Indra()[pri:0, instance:producttest.TeamFTest@38102d01]" started-at="2025-07-31T10:59:55 IST" name="Indra" finished-at="2025-07-31T10:59:55 IST" duration-ms="227" status="PASS">
          <reporter-output>
            <line>
              <![CDATA[Indra]]>
            </line>
          </reporter-output>
        </test-method> <!-- Indra -->
        <test-method is-config="true" signature="Logout()[pri:0, instance:producttest.TeamFTest@38102d01]" started-at="2025-07-31T10:59:56 IST" name="Logout" finished-at="2025-07-31T10:59:56 IST" duration-ms="682" status="PASS">
          <reporter-output>
            <line>
              <![CDATA[Logout is done]]>
            </line>
          </reporter-output>
        </test-method> <!-- Logout -->
        <test-method is-config="true" signature="broserTerminate()[pri:0, instance:producttest.TeamFTest@38102d01]" started-at="2025-07-31T10:59:56 IST" name="broserTerminate" finished-at="2025-07-31T10:59:57 IST" duration-ms="653" status="PASS">
          <reporter-output>
          </reporter-output>
        </test-method> <!-- broserTerminate -->
        <test-method is-config="true" signature="ReportTerminate()[pri:0, instance:producttest.TeamFTest@38102d01]" started-at="2025-07-31T10:59:57 IST" name="ReportTerminate" finished-at="2025-07-31T10:59:58 IST" duration-ms="834" status="PASS">
          <reporter-output>
          </reporter-output>
        </test-method> <!-- ReportTerminate -->
      </class> <!-- producttest.TeamFTest -->
    </test> <!-- Test -->
  </suite> <!-- RegressionSuite -->
</testng-results>
